<?xml version="1.0" encoding="utf-8"?>
<testsuites time="0.066" tests="64" failures="0">
  <testsuite id="0" name="CaffeineCrashProvider.Test.dll" tests="64" failures="0" time="0.066">
    <testcase classname="CaffeineCrashProvider.FormulasTest" name="CaffeineCrashProvider.FormulasTest.CalculateCrash_ReturnsIntuitiveValue" time="0.0058478" />
    <testcase classname="CaffeineCrashProvider.FormulasTest" name="CaffeineCrashProvider.FormulasTest.CalculateCoeff_ReturnsIntuitiveValueFromAllConstants" time="0.0004325" />
    <testcase classname="CaffeineCrashProvider.FormulasTest" name="CaffeineCrashProvider.FormulasTest.CalculateCrash_ReturnsIntuitiveValueWithHighCoeff" time="0.0001687" />
    <testcase classname="CaffeineCrashProvider.FormulasTest" name="CaffeineCrashProvider.FormulasTest.WeightFactor_Below150ReturnsIntuitiveValue" time="0.0002469" />
    <testcase classname="CaffeineCrashProvider.FormulasTest" name="CaffeineCrashProvider.FormulasTest.CalculateCrash_ReturnsMax6" time="0.0001710" />
    <testcase classname="CaffeineCrashProvider.FormulasTest" name="CaffeineCrashProvider.FormulasTest.CalculateCrash_ReturnsIntuitiveValueWithLowCoeff" time="0.0001208" />
    <testcase classname="CaffeineCrashProvider.FormulasTest" name="CaffeineCrashProvider.FormulasTest.WeightFactor_ReturnsBaseline" time="0.0001243" />
    <testcase classname="CaffeineCrashProvider.FormulasTest" name="CaffeineCrashProvider.FormulasTest.WeightFactor_Above150ReturnsIntuitiveValue" time="0.0001580" />
    <testcase classname="CaffeineCrashProvider.FormulasTest" name="CaffeineCrashProvider.FormulasTest.CalculateCrash_ReturnsMin3" time="0.0001376" />
    <testcase classname="CaffeineCrashProvider.Models.BeverageTest" name="CaffeineCrashProvider.Models.BeverageTest.PerOzConstructor_SetsCorrectTotalAmount" time="0.0071567" />
    <testcase classname="CaffeineCrashProvider.Models.BeverageTest" name="CaffeineCrashProvider.Models.BeverageTest.Constructor_SetsOuncesAndCaffeine" time="0.0005514" />
    <testcase classname="CaffeineCrashProvider.ProviderExtensionsTest" name="CaffeineCrashProvider.ProviderExtensionsTest.ToNumericString_ReturnsOnlyNumbersAndDecimals" time="0.0053905" />
    <testcase classname="CaffeineCrashProvider.ProviderExtensionsTest" name="CaffeineCrashProvider.ProviderExtensionsTest.ToNaturalNumericString_ReturnsOnlyNumbers" time="0.0004345" />
    <testcase classname="CaffeineCrashProvider.Sizes.SizesBottleTest" name="CaffeineCrashProvider.Sizes.SizesBottleTest.SkippingATestForJenkins" time="0.0010000" />
    <testcase classname="CaffeineCrashProvider.Sizes.SizesBottleTest" name="CaffeineCrashProvider.Sizes.SizesBottleTest.CoffeeSizes_CreateReasonableTimes" time="0.0045779" />
    <testcase classname="CaffeineCrashProvider.Sizes.SizesBottleTest" name="CaffeineCrashProvider.Sizes.SizesBottleTest.All_Fields_Are_Contained_In_Sources" time="0.0011365" />
    <testcase classname="CaffeineCrashProvider.Sizes.SizesBottleTest" name="CaffeineCrashProvider.Sizes.SizesBottleTest.All_Sources_Have_Fields" time="0.0004229" />
    <testcase classname="CaffeineCrashProvider.Sizes.SizesCanTest" name="CaffeineCrashProvider.Sizes.SizesCanTest.RedOxEnergyDrinkSizes_CreateReasonableTimes" time="0.0046458" />
    <testcase classname="CaffeineCrashProvider.Sizes.SizesCanTest" name="CaffeineCrashProvider.Sizes.SizesCanTest.WorkoutEnergyDrinkSizes_CreateReasonableTimes" time="0.0005082" />
    <testcase classname="CaffeineCrashProvider.Sizes.SizesCanTest" name="CaffeineCrashProvider.Sizes.SizesCanTest.EnergyDrinkSizes_CreateReasonableTimes" time="0.0004185" />
    <testcase classname="CaffeineCrashProvider.Sizes.SizesCanTest" name="CaffeineCrashProvider.Sizes.SizesCanTest.All_Fields_Are_Contained_In_Sources" time="0.0005558" />
    <testcase classname="CaffeineCrashProvider.Sizes.SizesCanTest" name="CaffeineCrashProvider.Sizes.SizesCanTest.All_Sources_Have_Fields" time="0.0003975" />
    <testcase classname="CaffeineCrashProvider.Sizes.SizesCanTest" name="CaffeineCrashProvider.Sizes.SizesCanTest.CoffeeSizes_CreateReasonableTimes" time="0.0005514" />
    <testcase classname="CaffeineCrashProvider.Sizes.SizesCanTest" name="CaffeineCrashProvider.Sizes.SizesCanTest.FruitVegEnergyDrinkSizes_CreateReasonableTimes" time="0.0004384" />
    <testcase classname="CaffeineCrashProvider.Sizes.SizesCoffeehouseTest" name="CaffeineCrashProvider.Sizes.SizesCoffeehouseTest.Iced_Mocha_Latte_Cappuccino_EtcSizes_CreateReasonableTimes" time="0.0046801" />
    <testcase classname="CaffeineCrashProvider.Sizes.SizesCoffeehouseTest" name="CaffeineCrashProvider.Sizes.SizesCoffeehouseTest.IcedSizes_CreateReasonableTimes" time="0.0005062" />
    <testcase classname="CaffeineCrashProvider.Sizes.SizesCoffeehouseTest" name="CaffeineCrashProvider.Sizes.SizesCoffeehouseTest.RegularSizes_CreateReasonableTimes" time="0.0004557" />
    <testcase classname="CaffeineCrashProvider.Sizes.SizesCoffeehouseTest" name="CaffeineCrashProvider.Sizes.SizesCoffeehouseTest.Iced_Chai_TeaSizes_CreateReasonableTimes" time="0.0004457" />
    <testcase classname="CaffeineCrashProvider.Sizes.SizesCoffeehouseTest" name="CaffeineCrashProvider.Sizes.SizesCoffeehouseTest.Green_Tea_LatteSizes_CreateReasonableTimes" time="0.0003591" />
    <testcase classname="CaffeineCrashProvider.Sizes.SizesCoffeehouseTest" name="CaffeineCrashProvider.Sizes.SizesCoffeehouseTest.LightSizes_CreateReasonableTimes" time="0.0005990" />
    <testcase classname="CaffeineCrashProvider.Sizes.SizesCoffeehouseTest" name="CaffeineCrashProvider.Sizes.SizesCoffeehouseTest.Chai_TeaSizes_CreateReasonableTimes" time="0.0004520" />
    <testcase classname="CaffeineCrashProvider.Sizes.SizesCoffeehouseTest" name="CaffeineCrashProvider.Sizes.SizesCoffeehouseTest.FrappLiteSizes_CreateReasonableTimes" time="0.0004649" />
    <testcase classname="CaffeineCrashProvider.Sizes.SizesCoffeehouseTest" name="CaffeineCrashProvider.Sizes.SizesCoffeehouseTest.MediumSizes_CreateReasonableTimes" time="0.0004348" />
    <testcase classname="CaffeineCrashProvider.Sizes.SizesCoffeehouseTest" name="CaffeineCrashProvider.Sizes.SizesCoffeehouseTest.Mocha_Latte_Cappuccino_EtcSizes_CreateReasonableTimes" time="0.0005097" />
    <testcase classname="CaffeineCrashProvider.Sizes.SizesCoffeehouseTest" name="CaffeineCrashProvider.Sizes.SizesCoffeehouseTest.Green_TeaFrappSizes_CreateReasonableTimes" time="0.0004862" />
    <testcase classname="CaffeineCrashProvider.Sizes.SizesCoffeehouseTest" name="CaffeineCrashProvider.Sizes.SizesCoffeehouseTest.CoffeeFrapSizes_CreateReasonableTimes" time="0.0004642" />
    <testcase classname="CaffeineCrashProvider.Sizes.SizesCoffeehouseTest" name="CaffeineCrashProvider.Sizes.SizesCoffeehouseTest.All_Sources_Have_Fields" time="0.0008065" />
    <testcase classname="CaffeineCrashProvider.Sizes.SizesCoffeehouseTest" name="CaffeineCrashProvider.Sizes.SizesCoffeehouseTest.Cold_BrewSizes_CreateReasonableTimes" time="0.0005269" />
    <testcase classname="CaffeineCrashProvider.Sizes.SizesCoffeehouseTest" name="CaffeineCrashProvider.Sizes.SizesCoffeehouseTest.EspressoFrapSizes_CreateReasonableTimes" time="0.0004651" />
    <testcase classname="CaffeineCrashProvider.Sizes.SizesCoffeehouseTest" name="CaffeineCrashProvider.Sizes.SizesCoffeehouseTest.All_Fields_Are_Contained_In_Sources" time="0.0003091" />
    <testcase classname="CaffeineCrashProvider.Sizes.SizesDonutTest" name="CaffeineCrashProvider.Sizes.SizesDonutTest.Green_TeaSizes_CreateReasonableTimes" time="0.0046676" />
    <testcase classname="CaffeineCrashProvider.Sizes.SizesDonutTest" name="CaffeineCrashProvider.Sizes.SizesDonutTest.FrozenSizes_CreateReasonableTimes" time="0.0004537" />
    <testcase classname="CaffeineCrashProvider.Sizes.SizesDonutTest" name="CaffeineCrashProvider.Sizes.SizesDonutTest.MacchiatoSizes_CreateReasonableTimes" time="0.0003597" />
    <testcase classname="CaffeineCrashProvider.Sizes.SizesDonutTest" name="CaffeineCrashProvider.Sizes.SizesDonutTest.Iced_DarkSizes_CreateReasonableTimes" time="0.0003685" />
    <testcase classname="CaffeineCrashProvider.Sizes.SizesDonutTest" name="CaffeineCrashProvider.Sizes.SizesDonutTest.Mocha_Latte_Cappuccino_EtcSizes_CreateReasonableTimes" time="0.0003687" />
    <testcase classname="CaffeineCrashProvider.Sizes.SizesDonutTest" name="CaffeineCrashProvider.Sizes.SizesDonutTest.AmericanoSizes_CreateReasonableTimes" time="0.0003422" />
    <testcase classname="CaffeineCrashProvider.Sizes.SizesDonutTest" name="CaffeineCrashProvider.Sizes.SizesDonutTest.Energy_Cold_BrewSizes_CreateReasonableTimes" time="0.0003898" />
    <testcase classname="CaffeineCrashProvider.Sizes.SizesDonutTest" name="CaffeineCrashProvider.Sizes.SizesDonutTest.DarkSizes_CreateReasonableTimes" time="0.0003735" />
    <testcase classname="CaffeineCrashProvider.Sizes.SizesDonutTest" name="CaffeineCrashProvider.Sizes.SizesDonutTest.Chai_TeaSizes_CreateReasonableTimes" time="0.0003610" />
    <testcase classname="CaffeineCrashProvider.Sizes.SizesDonutTest" name="CaffeineCrashProvider.Sizes.SizesDonutTest.RegularSizes_CreateReasonableTimes" time="0.0003646" />
    <testcase classname="CaffeineCrashProvider.Sizes.SizesDonutTest" name="CaffeineCrashProvider.Sizes.SizesDonutTest.Hot_TeaSizes_CreateReasonableTimes" time="0.0003631" />
    <testcase classname="CaffeineCrashProvider.Sizes.SizesDonutTest" name="CaffeineCrashProvider.Sizes.SizesDonutTest.Iced_Mocha_Latte_Cappuccino_EtcSizes_CreateReasonableTimes" time="0.0004115" />
    <testcase classname="CaffeineCrashProvider.Sizes.SizesDonutTest" name="CaffeineCrashProvider.Sizes.SizesDonutTest.Iced_Green_TeaSizes_CreateReasonableTimes" time="0.0004024" />
    <testcase classname="CaffeineCrashProvider.Sizes.SizesDonutTest" name="CaffeineCrashProvider.Sizes.SizesDonutTest.Iced_TeaSizes_CreateReasonableTimes" time="0.0003824" />
    <testcase classname="CaffeineCrashProvider.Sizes.SizesDonutTest" name="CaffeineCrashProvider.Sizes.SizesDonutTest.Cold_BrewSizes_CreateReasonableTimes" time="0.0003772" />
    <testcase classname="CaffeineCrashProvider.Sizes.SizesDonutTest" name="CaffeineCrashProvider.Sizes.SizesDonutTest.All_Fields_Are_Contained_In_Sources" time="0.0005878" />
    <testcase classname="CaffeineCrashProvider.Sizes.SizesDonutTest" name="CaffeineCrashProvider.Sizes.SizesDonutTest.All_Sources_Have_Fields" time="0.0003989" />
    <testcase classname="CaffeineCrashProvider.Sizes.SizesDonutTest" name="CaffeineCrashProvider.Sizes.SizesDonutTest.IcedSizes_CreateReasonableTimes" time="0.0003969" />
    <testcase classname="CaffeineCrashProvider.Sizes.SizesFastFoodTest" name="CaffeineCrashProvider.Sizes.SizesFastFoodTest.All_Sources_Have_Fields" time="0.0006651" />
    <testcase classname="CaffeineCrashProvider.Sizes.SizesFastFoodTest" name="CaffeineCrashProvider.Sizes.SizesFastFoodTest.Mocha_Latte_Cappuccino_EtcSizes_CreateReasonableTimes" time="0.0004340" />
    <testcase classname="CaffeineCrashProvider.Sizes.SizesFastFoodTest" name="CaffeineCrashProvider.Sizes.SizesFastFoodTest.IcedSizes_CreateReasonableTimes" time="0.0003704" />
    <testcase classname="CaffeineCrashProvider.Sizes.SizesFastFoodTest" name="CaffeineCrashProvider.Sizes.SizesFastFoodTest.RegularSizes_CreateReasonableTimes" time="0.0003611" />
    <testcase classname="CaffeineCrashProvider.Sizes.SizesFastFoodTest" name="CaffeineCrashProvider.Sizes.SizesFastFoodTest.All_Fields_Are_Contained_In_Sources" time="0.0002869" />
    <testcase classname="CaffeineCrashProvider.Sizes.SizesSetTest" name="CaffeineCrashProvider.Sizes.SizesSetTest.SizeDictionariesCanBeLoadedWithReflection" time="0.0046875" />
  </testsuite>
</testsuites>